<?xml version="1.0" encoding="UTF-8"?>
<testng-results ignored="0" total="1" passed="1" failed="0" skipped="0">
  <reporter-output>
  </reporter-output>
  <suite started-at="2025-11-14T15:38:40 IST" name="Suite" finished-at="2025-11-14T15:38:41 IST" duration-ms="80">
    <groups>
    </groups>
    <test started-at="2025-11-14T15:38:40 IST" name="Test" finished-at="2025-11-14T15:38:41 IST" duration-ms="80">
      <class name="testNG.TestNGEx12">
        <test-method signature="login()[pri:0, instance:testNG.TestNGEx12@cc43f62]" started-at="2025-11-14T15:38:40 IST" name="login" finished-at="2025-11-14T15:38:41 IST" duration-ms="13" status="PASS">
          <reporter-output>
          </reporter-output>
        </test-method> <!-- login -->
      </class> <!-- testNG.TestNGEx12 -->
    </test> <!-- Test -->
  </suite> <!-- Suite -->
</testng-results>
