<?xml version="1.0" encoding="UTF-8"?>
<testng-results ignored="0" total="1" passed="1" failed="0" skipped="0">
  <reporter-output>
  </reporter-output>
  <suite started-at="2025-11-17T16:09:45 IST" name="Suite" finished-at="2025-11-17T16:09:56 IST" duration-ms="10618">
    <groups>
    </groups>
    <test started-at="2025-11-17T16:09:45 IST" name="Test" finished-at="2025-11-17T16:09:56 IST" duration-ms="10618">
      <class name="extentReport.ExtentTest1">
        <test-method signature="test1()[pri:0, instance:extentReport.ExtentTest1@cc43f62]" started-at="2025-11-17T16:09:45 IST" name="test1" finished-at="2025-11-17T16:09:56 IST" duration-ms="10559" status="PASS">
          <reporter-output>
          </reporter-output>
        </test-method> <!-- test1 -->
      </class> <!-- extentReport.ExtentTest1 -->
    </test> <!-- Test -->
  </suite> <!-- Suite -->
</testng-results>
