<?xml version="1.0" encoding="UTF-8"?>
<!-- Generated by org.testng.reporters.JUnitReportReporter -->
<testsuite hostname="LIN-5CD5324Z0K" failures="0" tests="6" name="testNG.TestNGEx5" time="1.026" errors="0" timestamp="2025-11-12T17:53:21 IST" skipped="0">
  <testcase classname="testNG.TestNGEx5" name="paymentTest" time="0.002"/>
  <testcase classname="testNG.TestNGEx5" name="paymentTest" time="0.003"/>
  <testcase classname="testNG.TestNGEx5" name="paymentTest" time="0.001"/>
  <testcase classname="testNG.TestNGEx5" name="BillingTest" time="1.016"/>
  <testcase classname="testNG.TestNGEx5" name="paymentTest" time="0.002"/>
  <testcase classname="testNG.TestNGEx5" name="paymentTest" time="0.002"/>
</testsuite> <!-- testNG.TestNGEx5 -->
