<?xml version="1.0" encoding="UTF-8"?>
<!-- Generated by org.testng.reporters.JUnitReportReporter -->
<testsuite hostname="LIN-5CD5324Z0K" failures="0" tests="4" name="testNG.TestNGEx11" time="2.019" errors="0" timestamp="2025-11-17T12:55:41 IST" skipped="0">
  <testcase classname="testNG.TestNGEx11" name="RegistrationTest" time="0.001"/>
  <testcase classname="testNG.TestNGEx11" name="paymentTest" time="2.003"/>
  <testcase classname="testNG.TestNGEx11" name="LoginTest" time="0.002"/>
  <testcase classname="testNG.TestNGEx11" name="BillingTest" time="0.013"/>
</testsuite> <!-- testNG.TestNGEx11 -->
