<?xml version="1.0" encoding="UTF-8"?>
<!-- Generated by org.testng.reporters.JUnitReportReporter -->
<testsuite hostname="LIN-5CD5324Z0K" failures="0" tests="4" name="testNG.TestNGEx3" time="0.012" errors="0" timestamp="2025-11-12T17:42:02 IST" skipped="0">
  <testcase classname="testNG.TestNGEx3" name="RegistrationTest" time="0.010"/>
  <testcase classname="testNG.TestNGEx3" name="paymentTest" time="0.001"/>
  <testcase classname="testNG.TestNGEx3" name="LoginTest" time="0.001"/>
  <testcase classname="testNG.TestNGEx3" name="BillingTest" time="0.000"/>
</testsuite> <!-- testNG.TestNGEx3 -->
