<?xml version="1.0" encoding="UTF-8"?>
<!-- Generated by org.testng.reporters.JUnitReportReporter -->
<testsuite hostname="LIN-5CD5324Z0K" failures="0" tests="4" name="testNG.TestNGEx11" time="2.026" errors="0" timestamp="2025-11-14T15:10:25 IST" skipped="0">
  <testcase classname="testNG.TestNGEx11" name="BillingTest" time="0.011"/>
  <testcase classname="testNG.TestNGEx11" name="RegistrationTest" time="0.001"/>
  <testcase classname="testNG.TestNGEx11" name="LoginTest" time="0.001"/>
  <testcase classname="testNG.TestNGEx11" name="paymentTest" time="2.013"/>
</testsuite> <!-- testNG.TestNGEx11 -->
